Loading dataset...
Preprocessing training data...
Preprocessing test data...
Vectorizing (TF-IDF)...
Training Logistic Regression model...
Evaluating on test set...

=== CLASSIFICATION REPORT ===

               precision    recall  f1-score   support

        Bills       1.00      1.00      1.00        60
       Dining       1.00      1.00      1.00        62
Entertainment       1.00      1.00      1.00        58
         Fuel       1.00      1.00      1.00        57
    Groceries       1.00      0.98      0.99        61
     Shopping       0.98      1.00      0.99        61
       Travel       1.00      1.00      1.00        59

     accuracy                           1.00       418
    macro avg       1.00      1.00      1.00       418
 weighted avg       1.00      1.00      1.00       418

Confusion Matrix:
[[60  0  0  0  0  0  0]
 [ 0 62  0  0  0  0  0]
 [ 0  0 58  0  0  0  0]
 [ 0  0  0 57  0  0  0]
 [ 0  0  0  0 60  1  0]
 [ 0  0  0  0  0 61  0]
 [ 0  0  0  0  0  0 59]]
Saving model + vectorizer...

Model saved to: /Users/shu/test/Wikit/Wikit/project/model/model.pkl
Vectorizer saved to: /Users/shu/test/Wikit/Wikit/project/model/vectorizer.pkl

Sample predictions:
Text: - BLR CROMA STORE*ORDER #
Pred : Shopping
-----
Text: TXN ID  NATURES BASKET
Pred : Groceries
-----
Text: HOTSTAR PLAN 1299.00 INR
Pred : Entertainment
-----
Text: - MUMBAI AIRTEL POSTPAID @OKICICI
Pred : Bills
-----
Text: 450.00 ACT BROADBAND
Pred : Bills
-----
